<?xml version="1.0" encoding="UTF-8"?>
<testsuite name="org.example.GameofGamesTest" tests="2" skipped="0" failures="0" errors="0" timestamp="2024-12-10T21:38:40" hostname="LAPTOP-4606RO28" time="0.012">
  <properties/>
  <testcase name="testMenuDisplay()" classname="org.example.GameofGamesTest" time="0.009"/>
  <testcase name="testInvalidInput()" classname="org.example.GameofGamesTest" time="0.002"/>
  <system-out><![CDATA[]]></system-out>
  <system-err><![CDATA[]]></system-err>
</testsuite>
