<?xml version="1.0" encoding="UTF-8"?>
<testsuite name="org.example.FindtheThimbleTest" tests="4" skipped="0" failures="0" errors="0" timestamp="2024-12-10T21:38:13" hostname="LAPTOP-4606RO28" time="27.704">
  <properties/>
  <testcase name="testValidInput()" classname="org.example.FindtheThimbleTest" time="0.008"/>
  <testcase name="testTimeoutForUser()" classname="org.example.FindtheThimbleTest" time="27.693"/>
  <testcase name="testBestOfValue()" classname="org.example.FindtheThimbleTest" time="0.0"/>
  <testcase name="testScoring()" classname="org.example.FindtheThimbleTest" time="0.0"/>
  <system-out><![CDATA[]]></system-out>
  <system-err><![CDATA[]]></system-err>
</testsuite>
