<?xml version="1.0" encoding="UTF-8"?>
<testsuite name="org.example.GameofGamesTest" tests="2" skipped="0" failures="0" errors="0" timestamp="2024-12-08T00:20:57" hostname="LAPTOP-4606RO28" time="0.042">
  <properties/>
  <testcase name="testMenuDisplay()" classname="org.example.GameofGamesTest" time="0.036"/>
  <testcase name="testInvalidInput()" classname="org.example.GameofGamesTest" time="0.004"/>
  <system-out><![CDATA[]]></system-out>
  <system-err><![CDATA[]]></system-err>
</testsuite>
