<?xml version="1.0" encoding="UTF-8"?>
<testsuite name="org.example.CoinFlipTest" tests="4" skipped="0" failures="0" errors="0" timestamp="2024-12-05T23:40:47" hostname="Metis-MacBook-Air.local" time="30.041">
  <properties/>
  <testcase name="testValidInput()" classname="org.example.CoinFlipTest" time="0.013"/>
  <testcase name="testTimeoutForUser()" classname="org.example.CoinFlipTest" time="30.021"/>
  <testcase name="testBestOfValue()" classname="org.example.CoinFlipTest" time="0.002"/>
  <testcase name="testScoring()" classname="org.example.CoinFlipTest" time="0.0"/>
  <system-out><![CDATA[]]></system-out>
  <system-err><![CDATA[]]></system-err>
</testsuite>
